
*** Starting uWSGI 2.0.9 (64bit) on [Tue Jun 23 19:16:34 2015] ***
compiled with version: 4.4.7 20120313 (Red Hat 4.4.7-11) on 23 April 2015 19:31:15
os: Linux-2.6.32-431.23.3.el6.x86_64 #1 SMP Thu Jul 31 17:20:51 UTC 2014
nodename: iZ251ltv9suZ
machine: x86_64
clock source: unix
pcre jit disabled
detected number of CPU cores: 2
current working directory: /summer/summer/summer_2015/summer_2015
detected binary path: /usr/sbin/uwsgi
uWSGI running as root, you can use --uid/--gid/--chroot options
*** WARNING: you are running uWSGI as root !!! (use the --uid flag) *** 
your processes number limit is 14846
your memory page size is 4096 bytes
detected max file descriptor number: 65535
lock engine: pthread robust mutexes
thunder lock: disabled (you can enable it with --thunder-lock)
uwsgi socket 0 bound to TCP address 127.0.0.1:8080 fd 3
your server socket listen backlog is limited to 100 connections
your mercy for graceful operations on workers is 60 seconds
mapped 363840 bytes (355 KB) for 4 cores
*** Operational MODE: preforking ***
*** no app loaded. going in full dynamic mode ***
*** uWSGI is running in multiple interpreter mode ***
spawned uWSGI master process (pid: 13847)
spawned uWSGI worker 1 (pid: 13848, cores: 1)
spawned uWSGI worker 2 (pid: 13849, cores: 1)
spawned uWSGI worker 3 (pid: 13850, cores: 1)
spawned uWSGI worker 4 (pid: 13851, cores: 1)
*** Starting uWSGI 2.0.9 (64bit) on [Tue Jun 23 19:16:50 2015] ***
compiled with version: 4.4.7 20120313 (Red Hat 4.4.7-11) on 23 April 2015 19:31:15
os: Linux-2.6.32-431.23.3.el6.x86_64 #1 SMP Thu Jul 31 17:20:51 UTC 2014
nodename: iZ251ltv9suZ
machine: x86_64
clock source: unix
pcre jit disabled
detected number of CPU cores: 2
current working directory: /summer/summer/summer_2015/summer_2015
detected binary path: /usr/sbin/uwsgi
uWSGI running as root, you can use --uid/--gid/--chroot options
*** WARNING: you are running uWSGI as root !!! (use the --uid flag) *** 
your processes number limit is 14846
your memory page size is 4096 bytes
detected max file descriptor number: 65535
lock engine: pthread robust mutexes
thunder lock: disabled (you can enable it with --thunder-lock)
probably another instance of uWSGI is running on the same address (127.0.0.1:8080).
bind(): Address already in use [core/socket.c line 764]
*** Starting uWSGI 2.0.9 (64bit) on [Tue Jun 23 19:22:58 2015] ***
compiled with version: 4.4.7 20120313 (Red Hat 4.4.7-11) on 23 April 2015 19:31:15
os: Linux-2.6.32-431.23.3.el6.x86_64 #1 SMP Thu Jul 31 17:20:51 UTC 2014
nodename: iZ251ltv9suZ
machine: x86_64
clock source: unix
pcre jit disabled
detected number of CPU cores: 2
current working directory: /summer/summer/summer_2015/summer_2015
detected binary path: /usr/sbin/uwsgi
uWSGI running as root, you can use --uid/--gid/--chroot options
*** WARNING: you are running uWSGI as root !!! (use the --uid flag) *** 
your processes number limit is 14846
your memory page size is 4096 bytes
detected max file descriptor number: 65535
lock engine: pthread robust mutexes
thunder lock: disabled (you can enable it with --thunder-lock)
uwsgi socket 0 bound to TCP address 127.0.0.1:6780 fd 3
your server socket listen backlog is limited to 100 connections
your mercy for graceful operations on workers is 60 seconds
mapped 363840 bytes (355 KB) for 4 cores
*** Operational MODE: preforking ***
*** no app loaded. going in full dynamic mode ***
*** uWSGI is running in multiple interpreter mode ***
spawned uWSGI master process (pid: 13875)
spawned uWSGI worker 1 (pid: 13876, cores: 1)
spawned uWSGI worker 2 (pid: 13877, cores: 1)
spawned uWSGI worker 3 (pid: 13878, cores: 1)
spawned uWSGI worker 4 (pid: 13879, cores: 1)
...brutally killing workers...
worker 1 buried after 0 seconds
worker 2 buried after 0 seconds
worker 3 buried after 1 seconds
worker 4 buried after 1 seconds
binary reloading uWSGI...
chdir() to /summer/summer/summer_2015/summer_2015
closing all non-uwsgi socket fds > 2 (max_fd = 65535)...
found fd 3 mapped to socket 0 (127.0.0.1:6780)
running /usr/sbin/uwsgi
[uWSGI] getting INI configuration from uwsgi_socket.ini
*** Starting uWSGI 2.0.9 (64bit) on [Tue Jun 23 19:59:40 2015] ***
compiled with version: 4.4.7 20120313 (Red Hat 4.4.7-11) on 23 April 2015 19:31:15
os: Linux-2.6.32-431.23.3.el6.x86_64 #1 SMP Thu Jul 31 17:20:51 UTC 2014
nodename: iZ251ltv9suZ
machine: x86_64
clock source: unix
pcre jit disabled
detected number of CPU cores: 2
current working directory: /summer/summer/summer_2015/summer_2015
detected binary path: /usr/sbin/uwsgi
uWSGI running as root, you can use --uid/--gid/--chroot options
*** WARNING: you are running uWSGI as root !!! (use the --uid flag) *** 
your processes number limit is 14846
your memory page size is 4096 bytes
detected max file descriptor number: 65535
lock engine: pthread robust mutexes
thunder lock: disabled (you can enable it with --thunder-lock)
probably another instance of uWSGI is running on the same address (127.0.0.1:6781).
bind(): Address already in use [core/socket.c line 764]
